  소스.cpp
C:\Users\98092\OneDrive\Desktop\3학년 여름방학\자료구조알고리즘\1.3\1.3\소스.cpp(97,15): warning C4566: 유니버설 문자 이름 '\uBC18'(으)로 표현되는 문자는 현재 코드 페이지(1252)에서 표현할 수 없습니다.
C:\Users\98092\OneDrive\Desktop\3학년 여름방학\자료구조알고리즘\1.3\1.3\소스.cpp(97,15): warning C4566: 유니버설 문자 이름 '\uD559'(으)로 표현되는 문자는 현재 코드 페이지(1252)에서 표현할 수 없습니다.
C:\Users\98092\OneDrive\Desktop\3학년 여름방학\자료구조알고리즘\1.3\1.3\소스.cpp(97,15): warning C4566: 유니버설 문자 이름 '\uC0DD'(으)로 표현되는 문자는 현재 코드 페이지(1252)에서 표현할 수 없습니다.
C:\Users\98092\OneDrive\Desktop\3학년 여름방학\자료구조알고리즘\1.3\1.3\소스.cpp(97,15): warning C4566: 유니버설 문자 이름 '\uC218'(으)로 표현되는 문자는 현재 코드 페이지(1252)에서 표현할 수 없습니다.
C:\Users\98092\OneDrive\Desktop\3학년 여름방학\자료구조알고리즘\1.3\1.3\소스.cpp(97,15): warning C4566: 유니버설 문자 이름 '\uB97C'(으)로 표현되는 문자는 현재 코드 페이지(1252)에서 표현할 수 없습니다.
C:\Users\98092\OneDrive\Desktop\3학년 여름방학\자료구조알고리즘\1.3\1.3\소스.cpp(97,15): warning C4566: 유니버설 문자 이름 '\uC785'(으)로 표현되는 문자는 현재 코드 페이지(1252)에서 표현할 수 없습니다.
C:\Users\98092\OneDrive\Desktop\3학년 여름방학\자료구조알고리즘\1.3\1.3\소스.cpp(97,15): warning C4566: 유니버설 문자 이름 '\uB825'(으)로 표현되는 문자는 현재 코드 페이지(1252)에서 표현할 수 없습니다.
C:\Users\98092\OneDrive\Desktop\3학년 여름방학\자료구조알고리즘\1.3\1.3\소스.cpp(97,15): warning C4566: 유니버설 문자 이름 '\uD558'(으)로 표현되는 문자는 현재 코드 페이지(1252)에서 표현할 수 없습니다.
C:\Users\98092\OneDrive\Desktop\3학년 여름방학\자료구조알고리즘\1.3\1.3\소스.cpp(97,15): warning C4566: 유니버설 문자 이름 '\uC138'(으)로 표현되는 문자는 현재 코드 페이지(1252)에서 표현할 수 없습니다.
C:\Users\98092\OneDrive\Desktop\3학년 여름방학\자료구조알고리즘\1.3\1.3\소스.cpp(97,15): warning C4566: 유니버설 문자 이름 '\uC694'(으)로 표현되는 문자는 현재 코드 페이지(1252)에서 표현할 수 없습니다.
C:\Users\98092\OneDrive\Desktop\3학년 여름방학\자료구조알고리즘\1.3\1.3\소스.cpp(105,25): warning C4566: 유니버설 문자 이름 '\uBC88'(으)로 표현되는 문자는 현재 코드 페이지(1252)에서 표현할 수 없습니다.
C:\Users\98092\OneDrive\Desktop\3학년 여름방학\자료구조알고리즘\1.3\1.3\소스.cpp(105,25): warning C4566: 유니버설 문자 이름 '\uC9F8'(으)로 표현되는 문자는 현재 코드 페이지(1252)에서 표현할 수 없습니다.
C:\Users\98092\OneDrive\Desktop\3학년 여름방학\자료구조알고리즘\1.3\1.3\소스.cpp(105,25): warning C4566: 유니버설 문자 이름 '\uD559'(으)로 표현되는 문자는 현재 코드 페이지(1252)에서 표현할 수 없습니다.
C:\Users\98092\OneDrive\Desktop\3학년 여름방학\자료구조알고리즘\1.3\1.3\소스.cpp(105,25): warning C4566: 유니버설 문자 이름 '\uC0DD'(으)로 표현되는 문자는 현재 코드 페이지(1252)에서 표현할 수 없습니다.
C:\Users\98092\OneDrive\Desktop\3학년 여름방학\자료구조알고리즘\1.3\1.3\소스.cpp(105,25): warning C4566: 유니버설 문자 이름 '\uC774'(으)로 표현되는 문자는 현재 코드 페이지(1252)에서 표현할 수 없습니다.
C:\Users\98092\OneDrive\Desktop\3학년 여름방학\자료구조알고리즘\1.3\1.3\소스.cpp(105,25): warning C4566: 유니버설 문자 이름 '\uB984'(으)로 표현되는 문자는 현재 코드 페이지(1252)에서 표현할 수 없습니다.
C:\Users\98092\OneDrive\Desktop\3학년 여름방학\자료구조알고리즘\1.3\1.3\소스.cpp(105,25): warning C4566: 유니버설 문자 이름 '\uACFC'(으)로 표현되는 문자는 현재 코드 페이지(1252)에서 표현할 수 없습니다.
C:\Users\98092\OneDrive\Desktop\3학년 여름방학\자료구조알고리즘\1.3\1.3\소스.cpp(105,25): warning C4566: 유니버설 문자 이름 '\uB098'(으)로 표현되는 문자는 현재 코드 페이지(1252)에서 표현할 수 없습니다.
C:\Users\98092\OneDrive\Desktop\3학년 여름방학\자료구조알고리즘\1.3\1.3\소스.cpp(105,25): warning C4566: 유니버설 문자 이름 '\uB97C'(으)로 표현되는 문자는 현재 코드 페이지(1252)에서 표현할 수 없습니다.
C:\Users\98092\OneDrive\Desktop\3학년 여름방학\자료구조알고리즘\1.3\1.3\소스.cpp(105,25): warning C4566: 유니버설 문자 이름 '\uC785'(으)로 표현되는 문자는 현재 코드 페이지(1252)에서 표현할 수 없습니다.
C:\Users\98092\OneDrive\Desktop\3학년 여름방학\자료구조알고리즘\1.3\1.3\소스.cpp(105,25): warning C4566: 유니버설 문자 이름 '\uB825'(으)로 표현되는 문자는 현재 코드 페이지(1252)에서 표현할 수 없습니다.
C:\Users\98092\OneDrive\Desktop\3학년 여름방학\자료구조알고리즘\1.3\1.3\소스.cpp(105,25): warning C4566: 유니버설 문자 이름 '\uD558'(으)로 표현되는 문자는 현재 코드 페이지(1252)에서 표현할 수 없습니다.
C:\Users\98092\OneDrive\Desktop\3학년 여름방학\자료구조알고리즘\1.3\1.3\소스.cpp(105,25): warning C4566: 유니버설 문자 이름 '\uC138'(으)로 표현되는 문자는 현재 코드 페이지(1252)에서 표현할 수 없습니다.
C:\Users\98092\OneDrive\Desktop\3학년 여름방학\자료구조알고리즘\1.3\1.3\소스.cpp(105,25): warning C4566: 유니버설 문자 이름 '\uC694'(으)로 표현되는 문자는 현재 코드 페이지(1252)에서 표현할 수 없습니다.
C:\Users\98092\OneDrive\Desktop\3학년 여름방학\자료구조알고리즘\1.3\1.3\소스.cpp(120,16): warning C4566: 유니버설 문자 이름 '\uC608'(으)로 표현되는 문자는 현재 코드 페이지(1252)에서 표현할 수 없습니다.
C:\Users\98092\OneDrive\Desktop\3학년 여름방학\자료구조알고리즘\1.3\1.3\소스.cpp(120,16): warning C4566: 유니버설 문자 이름 '\uC678'(으)로 표현되는 문자는 현재 코드 페이지(1252)에서 표현할 수 없습니다.
C:\Users\98092\OneDrive\Desktop\3학년 여름방학\자료구조알고리즘\1.3\1.3\소스.cpp(120,16): warning C4566: 유니버설 문자 이름 '\uBC1C'(으)로 표현되는 문자는 현재 코드 페이지(1252)에서 표현할 수 없습니다.
C:\Users\98092\OneDrive\Desktop\3학년 여름방학\자료구조알고리즘\1.3\1.3\소스.cpp(120,16): warning C4566: 유니버설 문자 이름 '\uC0DD'(으)로 표현되는 문자는 현재 코드 페이지(1252)에서 표현할 수 없습니다.
C:\Users\98092\OneDrive\Desktop\3학년 여름방학\자료구조알고리즘\1.3\1.3\소스.cpp(125,15): warning C4566: 유니버설 문자 이름 '\uBC18'(으)로 표현되는 문자는 현재 코드 페이지(1252)에서 표현할 수 없습니다.
C:\Users\98092\OneDrive\Desktop\3학년 여름방학\자료구조알고리즘\1.3\1.3\소스.cpp(125,15): warning C4566: 유니버설 문자 이름 '\uC744'(으)로 표현되는 문자는 현재 코드 페이지(1252)에서 표현할 수 없습니다.
C:\Users\98092\OneDrive\Desktop\3학년 여름방학\자료구조알고리즘\1.3\1.3\소스.cpp(125,15): warning C4566: 유니버설 문자 이름 '\uBCF5'(으)로 표현되는 문자는 현재 코드 페이지(1252)에서 표현할 수 없습니다.
C:\Users\98092\OneDrive\Desktop\3학년 여름방학\자료구조알고리즘\1.3\1.3\소스.cpp(125,15): warning C4566: 유니버설 문자 이름 '\uC0AC'(으)로 표현되는 문자는 현재 코드 페이지(1252)에서 표현할 수 없습니다.
C:\Users\98092\OneDrive\Desktop\3학년 여름방학\자료구조알고리즘\1.3\1.3\소스.cpp(125,15): warning C4566: 유니버설 문자 이름 '\uD558'(으)로 표현되는 문자는 현재 코드 페이지(1252)에서 표현할 수 없습니다.
C:\Users\98092\OneDrive\Desktop\3학년 여름방학\자료구조알고리즘\1.3\1.3\소스.cpp(125,15): warning C4566: 유니버설 문자 이름 '\uC5EC'(으)로 표현되는 문자는 현재 코드 페이지(1252)에서 표현할 수 없습니다.
C:\Users\98092\OneDrive\Desktop\3학년 여름방학\자료구조알고리즘\1.3\1.3\소스.cpp(125,15): warning C4566: 유니버설 문자 이름 '\uC0DD'(으)로 표현되는 문자는 현재 코드 페이지(1252)에서 표현할 수 없습니다.
C:\Users\98092\OneDrive\Desktop\3학년 여름방학\자료구조알고리즘\1.3\1.3\소스.cpp(125,15): warning C4566: 유니버설 문자 이름 '\uC131'(으)로 표현되는 문자는 현재 코드 페이지(1252)에서 표현할 수 없습니다.
C:\Users\98092\OneDrive\Desktop\3학년 여름방학\자료구조알고리즘\1.3\1.3\소스.cpp(129,15): warning C4566: 유니버설 문자 이름 '\uBC18'(으)로 표현되는 문자는 현재 코드 페이지(1252)에서 표현할 수 없습니다.
C:\Users\98092\OneDrive\Desktop\3학년 여름방학\자료구조알고리즘\1.3\1.3\소스.cpp(129,15): warning C4566: 유니버설 문자 이름 '\uACFC'(으)로 표현되는 문자는 현재 코드 페이지(1252)에서 표현할 수 없습니다.
C:\Users\98092\OneDrive\Desktop\3학년 여름방학\자료구조알고리즘\1.3\1.3\소스.cpp(129,15): warning C4566: 유니버설 문자 이름 '\uC744'(으)로 표현되는 문자는 현재 코드 페이지(1252)에서 표현할 수 없습니다.
C:\Users\98092\OneDrive\Desktop\3학년 여름방학\자료구조알고리즘\1.3\1.3\소스.cpp(129,15): warning C4566: 유니버설 문자 이름 '\uD569'(으)로 표현되는 문자는 현재 코드 페이지(1252)에서 표현할 수 없습니다.
C:\Users\98092\OneDrive\Desktop\3학년 여름방학\자료구조알고리즘\1.3\1.3\소스.cpp(129,15): warning C4566: 유니버설 문자 이름 '\uCCD0'(으)로 표현되는 문자는 현재 코드 페이지(1252)에서 표현할 수 없습니다.
C:\Users\98092\OneDrive\Desktop\3학년 여름방학\자료구조알고리즘\1.3\1.3\소스.cpp(129,15): warning C4566: 유니버설 문자 이름 '\uC0DD'(으)로 표현되는 문자는 현재 코드 페이지(1252)에서 표현할 수 없습니다.
C:\Users\98092\OneDrive\Desktop\3학년 여름방학\자료구조알고리즘\1.3\1.3\소스.cpp(129,15): warning C4566: 유니버설 문자 이름 '\uC131'(으)로 표현되는 문자는 현재 코드 페이지(1252)에서 표현할 수 없습니다.
C:\Users\98092\OneDrive\Desktop\3학년 여름방학\자료구조알고리즘\1.3\1.3\소스.cpp(76,21): warning C4018: '<': signed 또는 unsigned가 일치하지 않습니다.
C:\Users\98092\OneDrive\Desktop\3학년 여름방학\자료구조알고리즘\1.3\1.3\소스.cpp(69): message : 클래스 템플릿 멤버 함수 'std::string dynamic_array<student>::to_string(const std::string &)'을(를) 컴파일하는 중입니다.
C:\Users\98092\OneDrive\Desktop\3학년 여름방학\자료구조알고리즘\1.3\1.3\소스.cpp(125): message : 컴파일되는 함수 템플릿 인스턴스화 'std::string dynamic_array<student>::to_string(const std::string &)'에 대한 참조를 확인하세요.
C:\Users\98092\OneDrive\Desktop\3학년 여름방학\자료구조알고리즘\1.3\1.3\소스.cpp(100): message : 컴파일되는 클래스 템플릿 인스턴스화 'dynamic_array<student>'에 대한 참조를 확인하세요.
C:\Users\98092\OneDrive\Desktop\3학년 여름방학\자료구조알고리즘\1.3\1.3\소스.cpp(39,13): warning C4018: '<': signed 또는 unsigned가 일치하지 않습니다.
C:\Users\98092\OneDrive\Desktop\3학년 여름방학\자료구조알고리즘\1.3\1.3\소스.cpp(38): message : 클래스 템플릿 멤버 함수 'T &dynamic_array<T>::at(int)'을(를) 컴파일하는 중입니다.
          with
          [
              T=student
          ]
C:\Users\98092\OneDrive\Desktop\3학년 여름방학\자료구조알고리즘\1.3\1.3\소스.cpp(116): message : 컴파일되는 함수 템플릿 인스턴스화 'T &dynamic_array<T>::at(int)'에 대한 참조를 확인하세요.
          with
          [
              T=student
          ]
C:\Users\98092\OneDrive\Desktop\3학년 여름방학\자료구조알고리즘\1.3\1.3\소스.cpp(23,21): warning C4018: '<': signed 또는 unsigned가 일치하지 않습니다.
C:\Users\98092\OneDrive\Desktop\3학년 여름방학\자료구조알고리즘\1.3\1.3\소스.cpp(18): message : 클래스 템플릿 멤버 함수 'dynamic_array<student>::dynamic_array(const dynamic_array<student> &)'을(를) 컴파일하는 중입니다.
C:\Users\98092\OneDrive\Desktop\3학년 여름방학\자료구조알고리즘\1.3\1.3\소스.cpp(124): message : 컴파일되는 함수 템플릿 인스턴스화 'dynamic_array<student>::dynamic_array(const dynamic_array<student> &)'에 대한 참조를 확인하세요.
  1.3.vcxproj -> C:\Users\98092\OneDrive\Desktop\3학년 여름방학\자료구조알고리즘\1.3\Debug\1.3.exe
